# JRE version: OpenJDK Runtime Environment Temurin-21.0.8+9 (21.0.8+9) (build 21.0.8+9-LTS)
# Java VM: OpenJDK 64-Bit Server VM Temurin-21.0.8+9 (21.0.8+9-LTS, mixed mode, sharing, tiered, compressed oops, compressed class ptrs, parallel gc, windows-amd64)
GC Precious Log:
 CardTable entry size: 512
 CPUs: 16 total, 16 available
 Memory: 7365M
 Large Page Support: Disabled
 NUMA Support: Disabled
 Compressed Oops: Enabled (32-bit)
 Alignments: Space 512K, Generation 512K, Heap 2M
 Heap Min Capacity: 100M
 Heap Initial Capacity: 100M
 Heap Max Capacity: 2G
 Pre-touch: Disabled
 Parallel Workers: 13
Heap:
 PSYoungGen      total 15872K, used 15613K [0x00000000d5580000, 0x00000000d6c00000, 0x0000000100000000)
  eden space 12800K, 100% used [0x00000000d5580000,0x00000000d6200000,0x00000000d6200000)
  from space 3072K, 91% used [0x00000000d6900000,0x00000000d6bbf620,0x00000000d6c00000)
  to   space 4096K, 32% used [0x00000000d6400000,0x00000000d6550000,0x00000000d6800000)
 ParOldGen       total 116224K, used 115994K [0x0000000080000000, 0x0000000087180000, 0x00000000d5580000)
  object space 116224K, 99% used [0x0000000080000000,0x0000000087154488,0x0000000087180000)
 Metaspace       used 53397K, committed 54656K, reserved 1114112K
  class space    used 5728K, committed 6336K, reserved 1048576K
GC Heap History (20 events):
Event: 10.660 GC heap after
{Heap after GC invocations=42 (full 2):
 PSYoungGen      total 16384K, used 3128K [0x00000000d5580000, 0x00000000d6a00000, 0x0000000100000000)
  eden space 12800K, 0% used [0x00000000d5580000,0x00000000d5580000,0x00000000d6200000)
  from space 3584K, 87% used [0x00000000d6680000,0x00000000d698e168,0x00000000d6a00000)
  to   space 3584K, 0% used [0x00000000d6200000,0x00000000d6200000,0x00000000d6580000)
 ParOldGen       total 88064K, used 87690K [0x0000000080000000, 0x0000000085600000, 0x00000000d5580000)
  object space 88064K, 99% used [0x0000000080000000,0x00000000855a2820,0x0000000085600000)
 Metaspace       used 52316K, committed 53568K, reserved 1114112K
  class space    used 5597K, committed 6144K, reserved 1048576K
}
Event: 10.709 GC heap before
{Heap before GC invocations=43 (full 2):
 PSYoungGen      total 16384K, used 15928K [0x00000000d5580000, 0x00000000d6a00000, 0x0000000100000000)
  eden space 12800K, 100% used [0x00000000d5580000,0x00000000d6200000,0x00000000d6200000)
  from space 3584K, 87% used [0x00000000d6680000,0x00000000d698e168,0x00000000d6a00000)
  to   space 3584K, 0% used [0x00000000d6200000,0x00000000d6200000,0x00000000d6580000)
 ParOldGen       total 88064K, used 87690K [0x0000000080000000, 0x0000000085600000, 0x00000000d5580000)
  object space 88064K, 99% used [0x0000000080000000,0x00000000855a2820,0x0000000085600000)
 Metaspace       used 52398K, committed 53696K, reserved 1114112K
  class space    used 5604K, committed 6208K, reserved 1048576K
}
Event: 10.712 GC heap after
{Heap after GC invocations=43 (full 2):
 PSYoungGen      total 15872K, used 2943K [0x00000000d5580000, 0x00000000d6800000, 0x0000000100000000)
  eden space 12800K, 0% used [0x00000000d5580000,0x00000000d5580000,0x00000000d6200000)
  from space 3072K, 95% used [0x00000000d6200000,0x00000000d64dff10,0x00000000d6500000)
  to   space 3072K, 0% used [0x00000000d6500000,0x00000000d6500000,0x00000000d6800000)
 ParOldGen       total 90624K, used 90509K [0x0000000080000000, 0x0000000085880000, 0x00000000d5580000)
  object space 90624K, 99% used [0x0000000080000000,0x00000000858634a0,0x0000000085880000)
 Metaspace       used 52398K, committed 53696K, reserved 1114112K
  class space    used 5604K, committed 6208K, reserved 1048576K
}
Event: 10.752 GC heap before
{Heap before GC invocations=44 (full 2):
 PSYoungGen      total 15872K, used 15724K [0x00000000d5580000, 0x00000000d6800000, 0x0000000100000000)
  eden space 12800K, 99% used [0x00000000d5580000,0x00000000d61fb400,0x00000000d6200000)
  from space 3072K, 95% used [0x00000000d6200000,0x00000000d64dff10,0x00000000d6500000)
  to   space 3072K, 0% used [0x00000000d6500000,0x00000000d6500000,0x00000000d6800000)
 ParOldGen       total 90624K, used 90509K [0x0000000080000000, 0x0000000085880000, 0x00000000d5580000)
  object space 90624K, 99% used [0x0000000080000000,0x00000000858634a0,0x0000000085880000)
 Metaspace       used 52451K, committed 53696K, reserved 1114112K
  class space    used 5615K, committed 6208K, reserved 1048576K
}
Event: 10.753 GC heap after
{Heap after GC invocations=44 (full 2):
 PSYoungGen      total 15872K, used 2590K [0x00000000d5580000, 0x00000000d6800000, 0x0000000100000000)
  eden space 12800K, 0% used [0x00000000d5580000,0x00000000d5580000,0x00000000d6200000)
  from space 3072K, 84% used [0x00000000d6500000,0x00000000d6787a60,0x00000000d6800000)
  to   space 3072K, 0% used [0x00000000d6200000,0x00000000d6200000,0x00000000d6500000)
 ParOldGen       total 93184K, used 93178K [0x0000000080000000, 0x0000000085b00000, 0x00000000d5580000)
  object space 93184K, 99% used [0x0000000080000000,0x0000000085afe8a0,0x0000000085b00000)
 Metaspace       used 52451K, committed 53696K, reserved 1114112K
  class space    used 5615K, committed 6208K, reserved 1048576K
}
Event: 10.798 GC heap before
{Heap before GC invocations=45 (full 2):
 PSYoungGen      total 15872K, used 15390K [0x00000000d5580000, 0x00000000d6800000, 0x0000000100000000)
  eden space 12800K, 100% used [0x00000000d5580000,0x00000000d6200000,0x00000000d6200000)
  from space 3072K, 84% used [0x00000000d6500000,0x00000000d6787a60,0x00000000d6800000)
  to   space 3072K, 0% used [0x00000000d6200000,0x00000000d6200000,0x00000000d6500000)
 ParOldGen       total 93184K, used 93178K [0x0000000080000000, 0x0000000085b00000, 0x00000000d5580000)
  object space 93184K, 99% used [0x0000000080000000,0x0000000085afe8a0,0x0000000085b00000)
 Metaspace       used 52486K, committed 53760K, reserved 1114112K
  class space    used 5631K, committed 6208K, reserved 1048576K
}
Event: 10.800 GC heap after
{Heap after GC invocations=45 (full 2):
 PSYoungGen      total 15360K, used 2391K [0x00000000d5580000, 0x00000000d6700000, 0x0000000100000000)
  eden space 12800K, 0% used [0x00000000d5580000,0x00000000d5580000,0x00000000d6200000)
  from space 2560K, 93% used [0x00000000d6200000,0x00000000d6455ce0,0x00000000d6480000)
  to   space 2560K, 0% used [0x00000000d6480000,0x00000000d6480000,0x00000000d6700000)
 ParOldGen       total 95744K, used 95470K [0x0000000080000000, 0x0000000085d80000, 0x00000000d5580000)
  object space 95744K, 99% used [0x0000000080000000,0x0000000085d3bb40,0x0000000085d80000)
 Metaspace       used 52486K, committed 53760K, reserved 1114112K
  class space    used 5631K, committed 6208K, reserved 1048576K
}
Event: 10.846 GC heap before
{Heap before GC invocations=46 (full 2):
 PSYoungGen      total 15360K, used 15191K [0x00000000d5580000, 0x00000000d6700000, 0x0000000100000000)
  eden space 12800K, 100% used [0x00000000d5580000,0x00000000d6200000,0x00000000d6200000)
  from space 2560K, 93% used [0x00000000d6200000,0x00000000d6455ce0,0x00000000d6480000)
  to   space 2560K, 0% used [0x00000000d6480000,0x00000000d6480000,0x00000000d6700000)
 ParOldGen       total 95744K, used 95470K [0x0000000080000000, 0x0000000085d80000, 0x00000000d5580000)
  object space 95744K, 99% used [0x0000000080000000,0x0000000085d3bb40,0x0000000085d80000)
 Metaspace       used 52529K, committed 53760K, reserved 1114112K
  class space    used 5647K, committed 6208K, reserved 1048576K
}
Event: 10.849 GC heap after
{Heap after GC invocations=46 (full 2):
 PSYoungGen      total 15360K, used 2531K [0x00000000d5580000, 0x00000000d6700000, 0x0000000100000000)
  eden space 12800K, 0% used [0x00000000d5580000,0x00000000d5580000,0x00000000d6200000)
  from space 2560K, 98% used [0x00000000d6480000,0x00000000d66f8d50,0x00000000d6700000)
  to   space 2560K, 0% used [0x00000000d6200000,0x00000000d6200000,0x00000000d6480000)
 ParOldGen       total 97792K, used 97701K [0x0000000080000000, 0x0000000085f80000, 0x00000000d5580000)
  object space 97792K, 99% used [0x0000000080000000,0x0000000085f69620,0x0000000085f80000)
 Metaspace       used 52529K, committed 53760K, reserved 1114112K
  class space    used 5647K, committed 6208K, reserved 1048576K
}
Event: 10.906 GC heap before
{Heap before GC invocations=47 (full 2):
 PSYoungGen      total 15360K, used 15331K [0x00000000d5580000, 0x00000000d6700000, 0x0000000100000000)
  eden space 12800K, 100% used [0x00000000d5580000,0x00000000d6200000,0x00000000d6200000)
  from space 2560K, 98% used [0x00000000d6480000,0x00000000d66f8d50,0x00000000d6700000)
  to   space 2560K, 0% used [0x00000000d6200000,0x00000000d6200000,0x00000000d6480000)
 ParOldGen       total 97792K, used 97701K [0x0000000080000000, 0x0000000085f80000, 0x00000000d5580000)
  object space 97792K, 99% used [0x0000000080000000,0x0000000085f69620,0x0000000085f80000)
 Metaspace       used 52617K, committed 53824K, reserved 1114112K
  class space    used 5657K, committed 6208K, reserved 1048576K
}
Event: 10.909 GC heap after
{Heap after GC invocations=47 (full 2):
 PSYoungGen      total 15360K, used 2528K [0x00000000d5580000, 0x00000000d6d00000, 0x0000000100000000)
  eden space 12800K, 0% used [0x00000000d5580000,0x00000000d5580000,0x00000000d6200000)
  from space 2560K, 98% used [0x00000000d6200000,0x00000000d6478288,0x00000000d6480000)
  to   space 5632K, 0% used [0x00000000d6780000,0x00000000d6780000,0x00000000d6d00000)
 ParOldGen       total 100352K, used 100233K [0x0000000080000000, 0x0000000086200000, 0x00000000d5580000)
  object space 100352K, 99% used [0x0000000080000000,0x00000000861e25b0,0x0000000086200000)
 Metaspace       used 52617K, committed 53824K, reserved 1114112K
  class space    used 5657K, committed 6208K, reserved 1048576K
}
Event: 10.961 GC heap before
{Heap before GC invocations=48 (full 2):
 PSYoungGen      total 15360K, used 15328K [0x00000000d5580000, 0x00000000d6d00000, 0x0000000100000000)
  eden space 12800K, 100% used [0x00000000d5580000,0x00000000d6200000,0x00000000d6200000)
  from space 2560K, 98% used [0x00000000d6200000,0x00000000d6478288,0x00000000d6480000)
  to   space 5632K, 0% used [0x00000000d6780000,0x00000000d6780000,0x00000000d6d00000)
 ParOldGen       total 100352K, used 100233K [0x0000000080000000, 0x0000000086200000, 0x00000000d5580000)
  object space 100352K, 99% used [0x0000000080000000,0x00000000861e25b0,0x0000000086200000)
 Metaspace       used 52706K, committed 53952K, reserved 1114112K
  class space    used 5665K, committed 6208K, reserved 1048576K
}
Event: 10.964 GC heap after
{Heap after GC invocations=48 (full 2):
 PSYoungGen      total 15872K, used 3059K [0x00000000d5580000, 0x00000000d6a80000, 0x0000000100000000)
  eden space 12800K, 0% used [0x00000000d5580000,0x00000000d5580000,0x00000000d6200000)
  from space 3072K, 99% used [0x00000000d6780000,0x00000000d6a7ced0,0x00000000d6a80000)
  to   space 4096K, 0% used [0x00000000d6280000,0x00000000d6280000,0x00000000d6680000)
 ParOldGen       total 102912K, used 102739K [0x0000000080000000, 0x0000000086480000, 0x00000000d5580000)
  object space 102912K, 99% used [0x0000000080000000,0x0000000086454d90,0x0000000086480000)
 Metaspace       used 52706K, committed 53952K, reserved 1114112K
  class space    used 5665K, committed 6208K, reserved 1048576K
}
Event: 11.013 GC heap before
{Heap before GC invocations=49 (full 2):
 PSYoungGen      total 15872K, used 15859K [0x00000000d5580000, 0x00000000d6a80000, 0x0000000100000000)
  eden space 12800K, 100% used [0x00000000d5580000,0x00000000d6200000,0x00000000d6200000)
  from space 3072K, 99% used [0x00000000d6780000,0x00000000d6a7ced0,0x00000000d6a80000)
  to   space 4096K, 0% used [0x00000000d6280000,0x00000000d6280000,0x00000000d6680000)
 ParOldGen       total 102912K, used 102739K [0x0000000080000000, 0x0000000086480000, 0x00000000d5580000)
  object space 102912K, 99% used [0x0000000080000000,0x0000000086454d90,0x0000000086480000)
 Metaspace       used 52827K, committed 54080K, reserved 1114112K
  class space    used 5672K, committed 6272K, reserved 1048576K
}
Event: 11.015 GC heap after
{Heap after GC invocations=49 (full 2):
 PSYoungGen      total 15872K, used 2975K [0x00000000d5580000, 0x00000000d6900000, 0x0000000100000000)
  eden space 12800K, 0% used [0x00000000d5580000,0x00000000d5580000,0x00000000d6200000)
  from space 3072K, 96% used [0x00000000d6280000,0x00000000d6567ca8,0x00000000d6580000)
  to   space 3584K, 0% used [0x00000000d6580000,0x00000000d6580000,0x00000000d6900000)
 ParOldGen       total 105984K, used 105488K [0x0000000080000000, 0x0000000086780000, 0x00000000d5580000)
  object space 105984K, 99% used [0x0000000080000000,0x0000000086704090,0x0000000086780000)
 Metaspace       used 52827K, committed 54080K, reserved 1114112K
  class space    used 5672K, committed 6272K, reserved 1048576K
}
Event: 11.062 GC heap before
{Heap before GC invocations=50 (full 2):
 PSYoungGen      total 15872K, used 15772K [0x00000000d5580000, 0x00000000d6900000, 0x0000000100000000)
  eden space 12800K, 99% used [0x00000000d5580000,0x00000000d61ff660,0x00000000d6200000)
  from space 3072K, 96% used [0x00000000d6280000,0x00000000d6567ca8,0x00000000d6580000)
  to   space 3584K, 0% used [0x00000000d6580000,0x00000000d6580000,0x00000000d6900000)
 ParOldGen       total 105984K, used 105488K [0x0000000080000000, 0x0000000086780000, 0x00000000d5580000)
  object space 105984K, 99% used [0x0000000080000000,0x0000000086704090,0x0000000086780000)
 Metaspace       used 52993K, committed 54272K, reserved 1114112K
  class space    used 5682K, committed 6272K, reserved 1048576K
}
Event: 11.065 GC heap after
{Heap after GC invocations=50 (full 2):
 PSYoungGen      total 15872K, used 2814K [0x00000000d5580000, 0x00000000d6880000, 0x0000000100000000)
  eden space 12800K, 0% used [0x00000000d5580000,0x00000000d5580000,0x00000000d6200000)
  from space 3072K, 91% used [0x00000000d6580000,0x00000000d683fa80,0x00000000d6880000)
  to   space 3072K, 0% used [0x00000000d6280000,0x00000000d6280000,0x00000000d6580000)
 ParOldGen       total 108544K, used 108227K [0x0000000080000000, 0x0000000086a00000, 0x00000000d5580000)
  object space 108544K, 99% used [0x0000000080000000,0x00000000869b0ff0,0x0000000086a00000)
 Metaspace       used 52993K, committed 54272K, reserved 1114112K
  class space    used 5682K, committed 6272K, reserved 1048576K
}
Event: 11.143 GC heap before
{Heap before GC invocations=51 (full 2):
 PSYoungGen      total 15872K, used 15614K [0x00000000d5580000, 0x00000000d6880000, 0x0000000100000000)
  eden space 12800K, 100% used [0x00000000d5580000,0x00000000d6200000,0x00000000d6200000)
  from space 3072K, 91% used [0x00000000d6580000,0x00000000d683fa80,0x00000000d6880000)
  to   space 3072K, 0% used [0x00000000d6280000,0x00000000d6280000,0x00000000d6580000)
 ParOldGen       total 108544K, used 108227K [0x0000000080000000, 0x0000000086a00000, 0x00000000d5580000)
  object space 108544K, 99% used [0x0000000080000000,0x00000000869b0ff0,0x0000000086a00000)
 Metaspace       used 53116K, committed 54336K, reserved 1114112K
  class space    used 5703K, committed 6272K, reserved 1048576K
}
Event: 11.147 GC heap after
{Heap after GC invocations=51 (full 2):
 PSYoungGen      total 15872K, used 3045K [0x00000000d5580000, 0x00000000d7000000, 0x0000000100000000)
  eden space 12800K, 0% used [0x00000000d5580000,0x00000000d5580000,0x00000000d6200000)
  from space 3072K, 99% used [0x00000000d6280000,0x00000000d6579580,0x00000000d6580000)
  to   space 7168K, 0% used [0x00000000d6900000,0x00000000d6900000,0x00000000d7000000)
 ParOldGen       total 111616K, used 111294K [0x0000000080000000, 0x0000000086d00000, 0x00000000d5580000)
  object space 111616K, 99% used [0x0000000080000000,0x0000000086cafa88,0x0000000086d00000)
 Metaspace       used 53116K, committed 54336K, reserved 1114112K
  class space    used 5703K, committed 6272K, reserved 1048576K
}
Event: 12.222 GC heap before
{Heap before GC invocations=52 (full 2):
 PSYoungGen      total 15872K, used 15845K [0x00000000d5580000, 0x00000000d7000000, 0x0000000100000000)
  eden space 12800K, 100% used [0x00000000d5580000,0x00000000d6200000,0x00000000d6200000)
  from space 3072K, 99% used [0x00000000d6280000,0x00000000d6579580,0x00000000d6580000)
  to   space 7168K, 0% used [0x00000000d6900000,0x00000000d6900000,0x00000000d7000000)
 ParOldGen       total 112128K, used 111617K [0x0000000080000000, 0x0000000086d80000, 0x00000000d5580000)
  object space 112128K, 99% used [0x0000000080000000,0x0000000086d00740,0x0000000086d80000)
 Metaspace       used 53186K, committed 54400K, reserved 1114112K
  class space    used 5712K, committed 6272K, reserved 1048576K
}

