# JRE version: OpenJDK Runtime Environment Temurin-21.0.8+9 (21.0.8+9) (build 21.0.8+9-LTS)
# Java VM: OpenJDK 64-Bit Server VM Temurin-21.0.8+9 (21.0.8+9-LTS, mixed mode, sharing, tiered, compressed oops, compressed class ptrs, parallel gc, windows-amd64)
GC Precious Log:
 CardTable entry size: 512
 CPUs: 16 total, 16 available
 Memory: 7365M
 Large Page Support: Disabled
 NUMA Support: Disabled
 Compressed Oops: Enabled (32-bit)
 Alignments: Space 512K, Generation 512K, Heap 2M
 Heap Min Capacity: 100M
 Heap Initial Capacity: 100M
 Heap Max Capacity: 2G
 Pre-touch: Disabled
 Parallel Workers: 13
Heap:
 PSYoungGen      total 6656K, used 3965K [0x00000000d5580000, 0x00000000d5e80000, 0x0000000100000000)
  eden space 6144K, 58% used [0x00000000d5580000,0x00000000d58ff4f8,0x00000000d5b80000)
  from space 512K, 75% used [0x00000000d5e00000,0x00000000d5e60000,0x00000000d5e80000)
  to   space 1024K, 0% used [0x00000000d5c80000,0x00000000d5c80000,0x00000000d5d80000)
 ParOldGen       total 1132544K, used 1132377K [0x0000000080000000, 0x00000000c5200000, 0x00000000d5580000)
  object space 1132544K, 99% used [0x0000000080000000,0x00000000c51d6608,0x00000000c5200000)
 Metaspace       used 92618K, committed 94272K, reserved 1179648K
  class space    used 8983K, committed 9728K, reserved 1048576K
GC Heap History (20 events):
Event: 5132.366 GC heap before
{Heap before GC invocations=4406 (full 8):
 PSYoungGen      total 6144K, used 5792K [0x00000000d5580000, 0x00000000d5d00000, 0x0000000100000000)
  eden space 5120K, 100% used [0x00000000d5580000,0x00000000d5a80000,0x00000000d5a80000)
  from space 1024K, 65% used [0x00000000d5c00000,0x00000000d5ca8000,0x00000000d5d00000)
  to   space 1024K, 0% used [0x00000000d5b00000,0x00000000d5b00000,0x00000000d5c00000)
 ParOldGen       total 1125888K, used 1125488K [0x0000000080000000, 0x00000000c4b80000, 0x00000000d5580000)
  object space 1125888K, 99% used [0x0000000080000000,0x00000000c4b1c1f8,0x00000000c4b80000)
 Metaspace       used 92588K, committed 94272K, reserved 1179648K
  class space    used 8981K, committed 9728K, reserved 1048576K
}
Event: 5132.368 GC heap after
{Heap after GC invocations=4406 (full 8):
 PSYoungGen      total 6144K, used 788K [0x00000000d5580000, 0x00000000d5c80000, 0x0000000100000000)
  eden space 5120K, 0% used [0x00000000d5580000,0x00000000d5580000,0x00000000d5a80000)
  from space 1024K, 77% used [0x00000000d5b00000,0x00000000d5bc5200,0x00000000d5c00000)
  to   space 512K, 0% used [0x00000000d5c00000,0x00000000d5c00000,0x00000000d5c80000)
 ParOldGen       total 1126400K, used 1125913K [0x0000000080000000, 0x00000000c4c00000, 0x00000000d5580000)
  object space 1126400K, 99% used [0x0000000080000000,0x00000000c4b86498,0x00000000c4c00000)
 Metaspace       used 92588K, committed 94272K, reserved 1179648K
  class space    used 8981K, committed 9728K, reserved 1048576K
}
Event: 5132.375 GC heap before
{Heap before GC invocations=4407 (full 8):
 PSYoungGen      total 6144K, used 5908K [0x00000000d5580000, 0x00000000d5c80000, 0x0000000100000000)
  eden space 5120K, 100% used [0x00000000d5580000,0x00000000d5a80000,0x00000000d5a80000)
  from space 1024K, 77% used [0x00000000d5b00000,0x00000000d5bc5200,0x00000000d5c00000)
  to   space 512K, 0% used [0x00000000d5c00000,0x00000000d5c00000,0x00000000d5c80000)
 ParOldGen       total 1126400K, used 1125913K [0x0000000080000000, 0x00000000c4c00000, 0x00000000d5580000)
  object space 1126400K, 99% used [0x0000000080000000,0x00000000c4b86498,0x00000000c4c00000)
 Metaspace       used 92588K, committed 94272K, reserved 1179648K
  class space    used 8981K, committed 9728K, reserved 1048576K
}
Event: 5132.376 GC heap after
{Heap after GC invocations=4407 (full 8):
 PSYoungGen      total 5632K, used 512K [0x00000000d5580000, 0x00000000d5d80000, 0x0000000100000000)
  eden space 5120K, 0% used [0x00000000d5580000,0x00000000d5580000,0x00000000d5a80000)
  from space 512K, 100% used [0x00000000d5c00000,0x00000000d5c80000,0x00000000d5c80000)
  to   space 1536K, 0% used [0x00000000d5a80000,0x00000000d5a80000,0x00000000d5c00000)
 ParOldGen       total 1126912K, used 1126823K [0x0000000080000000, 0x00000000c4c80000, 0x00000000d5580000)
  object space 1126912K, 99% used [0x0000000080000000,0x00000000c4c69ce8,0x00000000c4c80000)
 Metaspace       used 92588K, committed 94272K, reserved 1179648K
  class space    used 8981K, committed 9728K, reserved 1048576K
}
Event: 5133.069 GC heap before
{Heap before GC invocations=4408 (full 8):
 PSYoungGen      total 5632K, used 5631K [0x00000000d5580000, 0x00000000d5d80000, 0x0000000100000000)
  eden space 5120K, 99% used [0x00000000d5580000,0x00000000d5a7ffd0,0x00000000d5a80000)
  from space 512K, 100% used [0x00000000d5c00000,0x00000000d5c80000,0x00000000d5c80000)
  to   space 1536K, 0% used [0x00000000d5a80000,0x00000000d5a80000,0x00000000d5c00000)
 ParOldGen       total 1126912K, used 1126823K [0x0000000080000000, 0x00000000c4c80000, 0x00000000d5580000)
  object space 1126912K, 99% used [0x0000000080000000,0x00000000c4c69ce8,0x00000000c4c80000)
 Metaspace       used 92591K, committed 94272K, reserved 1179648K
  class space    used 8981K, committed 9728K, reserved 1048576K
}
Event: 5133.072 GC heap after
{Heap after GC invocations=4408 (full 8):
 PSYoungGen      total 6144K, used 794K [0x00000000d5580000, 0x00000000d5c80000, 0x0000000100000000)
  eden space 5120K, 0% used [0x00000000d5580000,0x00000000d5580000,0x00000000d5a80000)
  from space 1024K, 77% used [0x00000000d5a80000,0x00000000d5b46900,0x00000000d5b80000)
  to   space 1024K, 0% used [0x00000000d5b80000,0x00000000d5b80000,0x00000000d5c80000)
 ParOldGen       total 1127424K, used 1127314K [0x0000000080000000, 0x00000000c4d00000, 0x00000000d5580000)
  object space 1127424K, 99% used [0x0000000080000000,0x00000000c4ce4898,0x00000000c4d00000)
 Metaspace       used 92591K, committed 94272K, reserved 1179648K
  class space    used 8981K, committed 9728K, reserved 1048576K
}
Event: 5133.082 GC heap before
{Heap before GC invocations=4409 (full 8):
 PSYoungGen      total 6144K, used 5914K [0x00000000d5580000, 0x00000000d5c80000, 0x0000000100000000)
  eden space 5120K, 99% used [0x00000000d5580000,0x00000000d5a7fff0,0x00000000d5a80000)
  from space 1024K, 77% used [0x00000000d5a80000,0x00000000d5b46900,0x00000000d5b80000)
  to   space 1024K, 0% used [0x00000000d5b80000,0x00000000d5b80000,0x00000000d5c80000)
 ParOldGen       total 1127424K, used 1127314K [0x0000000080000000, 0x00000000c4d00000, 0x00000000d5580000)
  object space 1127424K, 99% used [0x0000000080000000,0x00000000c4ce4898,0x00000000c4d00000)
 Metaspace       used 92591K, committed 94272K, reserved 1179648K
  class space    used 8981K, committed 9728K, reserved 1048576K
}
Event: 5133.093 GC heap after
{Heap after GC invocations=4409 (full 8):
 PSYoungGen      total 6144K, used 848K [0x00000000d5580000, 0x00000000d5d80000, 0x0000000100000000)
  eden space 5120K, 0% used [0x00000000d5580000,0x00000000d5580000,0x00000000d5a80000)
  from space 1024K, 82% used [0x00000000d5b80000,0x00000000d5c54010,0x00000000d5c80000)
  to   space 1024K, 0% used [0x00000000d5a80000,0x00000000d5a80000,0x00000000d5b80000)
 ParOldGen       total 1127936K, used 1127812K [0x0000000080000000, 0x00000000c4d80000, 0x00000000d5580000)
  object space 1127936K, 99% used [0x0000000080000000,0x00000000c4d61308,0x00000000c4d80000)
 Metaspace       used 92591K, committed 94272K, reserved 1179648K
  class space    used 8981K, committed 9728K, reserved 1048576K
}
Event: 5133.113 GC heap before
{Heap before GC invocations=4410 (full 8):
 PSYoungGen      total 6144K, used 5968K [0x00000000d5580000, 0x00000000d5d80000, 0x0000000100000000)
  eden space 5120K, 100% used [0x00000000d5580000,0x00000000d5a80000,0x00000000d5a80000)
  from space 1024K, 82% used [0x00000000d5b80000,0x00000000d5c54010,0x00000000d5c80000)
  to   space 1024K, 0% used [0x00000000d5a80000,0x00000000d5a80000,0x00000000d5b80000)
 ParOldGen       total 1127936K, used 1127812K [0x0000000080000000, 0x00000000c4d80000, 0x00000000d5580000)
  object space 1127936K, 99% used [0x0000000080000000,0x00000000c4d61308,0x00000000c4d80000)
 Metaspace       used 92591K, committed 94272K, reserved 1179648K
  class space    used 8981K, committed 9728K, reserved 1048576K
}
Event: 5133.117 GC heap after
{Heap after GC invocations=4410 (full 8):
 PSYoungGen      total 6144K, used 976K [0x00000000d5580000, 0x00000000d5d80000, 0x0000000100000000)
  eden space 5120K, 0% used [0x00000000d5580000,0x00000000d5580000,0x00000000d5a80000)
  from space 1024K, 95% used [0x00000000d5a80000,0x00000000d5b74010,0x00000000d5b80000)
  to   space 1024K, 0% used [0x00000000d5c80000,0x00000000d5c80000,0x00000000d5d80000)
 ParOldGen       total 1128448K, used 1128446K [0x0000000080000000, 0x00000000c4e00000, 0x00000000d5580000)
  object space 1128448K, 99% used [0x0000000080000000,0x00000000c4dff938,0x00000000c4e00000)
 Metaspace       used 92591K, committed 94272K, reserved 1179648K
  class space    used 8981K, committed 9728K, reserved 1048576K
}
Event: 5133.134 GC heap before
{Heap before GC invocations=4411 (full 8):
 PSYoungGen      total 6144K, used 6086K [0x00000000d5580000, 0x00000000d5d80000, 0x0000000100000000)
  eden space 5120K, 99% used [0x00000000d5580000,0x00000000d5a7d958,0x00000000d5a80000)
  from space 1024K, 95% used [0x00000000d5a80000,0x00000000d5b74010,0x00000000d5b80000)
  to   space 1024K, 0% used [0x00000000d5c80000,0x00000000d5c80000,0x00000000d5d80000)
 ParOldGen       total 1128448K, used 1128446K [0x0000000080000000, 0x00000000c4e00000, 0x00000000d5580000)
  object space 1128448K, 99% used [0x0000000080000000,0x00000000c4dff938,0x00000000c4e00000)
 Metaspace       used 92591K, committed 94272K, reserved 1179648K
  class space    used 8981K, committed 9728K, reserved 1048576K
}
Event: 5133.138 GC heap after
{Heap after GC invocations=4411 (full 8):
 PSYoungGen      total 7168K, used 932K [0x00000000d5580000, 0x00000000d5d80000, 0x0000000100000000)
  eden space 6144K, 0% used [0x00000000d5580000,0x00000000d5580000,0x00000000d5b80000)
  from space 1024K, 91% used [0x00000000d5c80000,0x00000000d5d69210,0x00000000d5d80000)
  to   space 1024K, 0% used [0x00000000d5b80000,0x00000000d5b80000,0x00000000d5c80000)
 ParOldGen       total 1129472K, used 1129156K [0x0000000080000000, 0x00000000c4f00000, 0x00000000d5580000)
  object space 1129472K, 99% used [0x0000000080000000,0x00000000c4eb12f8,0x00000000c4f00000)
 Metaspace       used 92591K, committed 94272K, reserved 1179648K
  class space    used 8981K, committed 9728K, reserved 1048576K
}
Event: 5133.152 GC heap before
{Heap before GC invocations=4412 (full 8):
 PSYoungGen      total 7168K, used 7076K [0x00000000d5580000, 0x00000000d5d80000, 0x0000000100000000)
  eden space 6144K, 100% used [0x00000000d5580000,0x00000000d5b80000,0x00000000d5b80000)
  from space 1024K, 91% used [0x00000000d5c80000,0x00000000d5d69210,0x00000000d5d80000)
  to   space 1024K, 0% used [0x00000000d5b80000,0x00000000d5b80000,0x00000000d5c80000)
 ParOldGen       total 1129472K, used 1129156K [0x0000000080000000, 0x00000000c4f00000, 0x00000000d5580000)
  object space 1129472K, 99% used [0x0000000080000000,0x00000000c4eb12f8,0x00000000c4f00000)
 Metaspace       used 92591K, committed 94272K, reserved 1179648K
  class space    used 8981K, committed 9728K, reserved 1048576K
}
Event: 5133.157 GC heap after
{Heap after GC invocations=4412 (full 8):
 PSYoungGen      total 7168K, used 1008K [0x00000000d5580000, 0x00000000d6100000, 0x0000000100000000)
  eden space 6144K, 0% used [0x00000000d5580000,0x00000000d5580000,0x00000000d5b80000)
  from space 1024K, 98% used [0x00000000d5b80000,0x00000000d5c7c010,0x00000000d5c80000)
  to   space 2048K, 0% used [0x00000000d5f00000,0x00000000d5f00000,0x00000000d6100000)
 ParOldGen       total 1129984K, used 1129930K [0x0000000080000000, 0x00000000c4f80000, 0x00000000d5580000)
  object space 1129984K, 99% used [0x0000000080000000,0x00000000c4f72b28,0x00000000c4f80000)
 Metaspace       used 92591K, committed 94272K, reserved 1179648K
  class space    used 8981K, committed 9728K, reserved 1048576K
}
Event: 5133.427 GC heap before
{Heap before GC invocations=4413 (full 8):
 PSYoungGen      total 7168K, used 7152K [0x00000000d5580000, 0x00000000d6100000, 0x0000000100000000)
  eden space 6144K, 100% used [0x00000000d5580000,0x00000000d5b80000,0x00000000d5b80000)
  from space 1024K, 98% used [0x00000000d5b80000,0x00000000d5c7c010,0x00000000d5c80000)
  to   space 2048K, 0% used [0x00000000d5f00000,0x00000000d5f00000,0x00000000d6100000)
 ParOldGen       total 1129984K, used 1129930K [0x0000000080000000, 0x00000000c4f80000, 0x00000000d5580000)
  object space 1129984K, 99% used [0x0000000080000000,0x00000000c4f72b28,0x00000000c4f80000)
 Metaspace       used 92592K, committed 94272K, reserved 1179648K
  class space    used 8981K, committed 9728K, reserved 1048576K
}
Event: 5133.431 GC heap after
{Heap after GC invocations=4413 (full 8):
 PSYoungGen      total 7168K, used 916K [0x00000000d5580000, 0x00000000d6000000, 0x0000000100000000)
  eden space 6144K, 0% used [0x00000000d5580000,0x00000000d5580000,0x00000000d5b80000)
  from space 1024K, 89% used [0x00000000d5f00000,0x00000000d5fe5220,0x00000000d6000000)
  to   space 1536K, 0% used [0x00000000d5d00000,0x00000000d5d00000,0x00000000d5e80000)
 ParOldGen       total 1131008K, used 1130789K [0x0000000080000000, 0x00000000c5080000, 0x00000000d5580000)
  object space 1131008K, 99% used [0x0000000080000000,0x00000000c50494f8,0x00000000c5080000)
 Metaspace       used 92592K, committed 94272K, reserved 1179648K
  class space    used 8981K, committed 9728K, reserved 1048576K
}
Event: 5133.444 GC heap before
{Heap before GC invocations=4414 (full 8):
 PSYoungGen      total 7168K, used 7060K [0x00000000d5580000, 0x00000000d6000000, 0x0000000100000000)
  eden space 6144K, 100% used [0x00000000d5580000,0x00000000d5b80000,0x00000000d5b80000)
  from space 1024K, 89% used [0x00000000d5f00000,0x00000000d5fe5220,0x00000000d6000000)
  to   space 1536K, 0% used [0x00000000d5d00000,0x00000000d5d00000,0x00000000d5e80000)
 ParOldGen       total 1131008K, used 1130789K [0x0000000080000000, 0x00000000c5080000, 0x00000000d5580000)
  object space 1131008K, 99% used [0x0000000080000000,0x00000000c50494f8,0x00000000c5080000)
 Metaspace       used 92592K, committed 94272K, reserved 1179648K
  class space    used 8981K, committed 9728K, reserved 1048576K
}
Event: 5133.447 GC heap after
{Heap after GC invocations=4414 (full 8):
 PSYoungGen      total 7168K, used 1008K [0x00000000d5580000, 0x00000000d5f80000, 0x0000000100000000)
  eden space 6144K, 0% used [0x00000000d5580000,0x00000000d5580000,0x00000000d5b80000)
  from space 1024K, 98% used [0x00000000d5d00000,0x00000000d5dfc010,0x00000000d5e00000)
  to   space 1536K, 0% used [0x00000000d5e00000,0x00000000d5e00000,0x00000000d5f80000)
 ParOldGen       total 1132032K, used 1131529K [0x0000000080000000, 0x00000000c5180000, 0x00000000d5580000)
  object space 1132032K, 99% used [0x0000000080000000,0x00000000c51024a8,0x00000000c5180000)
 Metaspace       used 92592K, committed 94272K, reserved 1179648K
  class space    used 8981K, committed 9728K, reserved 1048576K
}
Event: 5224.622 GC heap before
{Heap before GC invocations=4415 (full 8):
 PSYoungGen      total 7168K, used 7152K [0x00000000d5580000, 0x00000000d5f80000, 0x0000000100000000)
  eden space 6144K, 99% used [0x00000000d5580000,0x00000000d5b7fff8,0x00000000d5b80000)
  from space 1024K, 98% used [0x00000000d5d00000,0x00000000d5dfc010,0x00000000d5e00000)
  to   space 1536K, 0% used [0x00000000d5e00000,0x00000000d5e00000,0x00000000d5f80000)
 ParOldGen       total 1132032K, used 1131529K [0x0000000080000000, 0x00000000c5180000, 0x00000000d5580000)
  object space 1132032K, 99% used [0x0000000080000000,0x00000000c51024a8,0x00000000c5180000)
 Metaspace       used 92610K, committed 94272K, reserved 1179648K
  class space    used 8981K, committed 9728K, reserved 1048576K
}
Event: 5224.804 GC heap after
{Heap after GC invocations=4415 (full 8):
 PSYoungGen      total 6656K, used 384K [0x00000000d5580000, 0x00000000d5e80000, 0x0000000100000000)
  eden space 6144K, 0% used [0x00000000d5580000,0x00000000d5580000,0x00000000d5b80000)
  from space 512K, 75% used [0x00000000d5e00000,0x00000000d5e60000,0x00000000d5e80000)
  to   space 1024K, 0% used [0x00000000d5c80000,0x00000000d5c80000,0x00000000d5d80000)
 ParOldGen       total 1132544K, used 1132377K [0x0000000080000000, 0x00000000c5200000, 0x00000000d5580000)
  object space 1132544K, 99% used [0x0000000080000000,0x00000000c51d6608,0x00000000c5200000)
 Metaspace       used 92610K, committed 94272K, reserved 1179648K
  class space    used 8981K, committed 9728K, reserved 1048576K
}

