# JRE version: OpenJDK Runtime Environment Temurin-21.0.8+9 (21.0.8+9) (build 21.0.8+9-LTS)
# Java VM: OpenJDK 64-Bit Server VM Temurin-21.0.8+9 (21.0.8+9-LTS, mixed mode, sharing, tiered, compressed oops, compressed class ptrs, parallel gc, windows-amd64)
GC Precious Log:
 CardTable entry size: 512
 CPUs: 16 total, 16 available
 Memory: 7365M
 Large Page Support: Disabled
 NUMA Support: Disabled
 Compressed Oops: Enabled (32-bit)
 Alignments: Space 512K, Generation 512K, Heap 2M
 Heap Min Capacity: 100M
 Heap Initial Capacity: 100M
 Heap Max Capacity: 2G
 Pre-touch: Disabled
 Parallel Workers: 13
Heap:
 PSYoungGen      total 36352K, used 31876K [0x00000000d5580000, 0x00000000d8880000, 0x0000000100000000)
  eden space 34304K, 86% used [0x00000000d5580000,0x00000000d72a2a68,0x00000000d7700000)
  from space 2048K, 99% used [0x00000000d8500000,0x00000000d86fe920,0x00000000d8700000)
  to   space 1536K, 0% used [0x00000000d8700000,0x00000000d8700000,0x00000000d8880000)
 ParOldGen       total 598528K, used 434944K [0x0000000080000000, 0x00000000a4880000, 0x00000000d5580000)
  object space 598528K, 72% used [0x0000000080000000,0x000000009a8c03b0,0x00000000a4880000)
 Metaspace       used 82329K, committed 84032K, reserved 1179648K
  class space    used 8252K, committed 9024K, reserved 1048576K
GC Heap History (20 events):
Event: 48.670 GC heap before
{Heap before GC invocations=1464 (full 4):
 PSYoungGen      total 46592K, used 45660K [0x00000000d5580000, 0x00000000d9080000, 0x0000000100000000)
  eden space 44032K, 100% used [0x00000000d5580000,0x00000000d8080000,0x00000000d8080000)
  from space 2560K, 63% used [0x00000000d8c00000,0x00000000d8d97260,0x00000000d8e80000)
  to   space 2048K, 0% used [0x00000000d8e80000,0x00000000d8e80000,0x00000000d9080000)
 ParOldGen       total 598528K, used 395220K [0x0000000080000000, 0x00000000a4880000, 0x00000000d5580000)
  object space 598528K, 66% used [0x0000000080000000,0x00000000981f5070,0x00000000a4880000)
 Metaspace       used 79215K, committed 80832K, reserved 1179648K
  class space    used 7942K, committed 8704K, reserved 1048576K
}
Event: 48.679 GC heap after
{Heap after GC invocations=1464 (full 4):
 PSYoungGen      total 45056K, used 2028K [0x00000000d5580000, 0x00000000d9080000, 0x0000000100000000)
  eden space 43008K, 0% used [0x00000000d5580000,0x00000000d5580000,0x00000000d7f80000)
  from space 2048K, 99% used [0x00000000d8e80000,0x00000000d907b008,0x00000000d9080000)
  to   space 7168K, 0% used [0x00000000d8280000,0x00000000d8280000,0x00000000d8980000)
 ParOldGen       total 598528K, used 399308K [0x0000000080000000, 0x00000000a4880000, 0x00000000d5580000)
  object space 598528K, 66% used [0x0000000080000000,0x00000000985f3070,0x00000000a4880000)
 Metaspace       used 79215K, committed 80832K, reserved 1179648K
  class space    used 7942K, committed 8704K, reserved 1048576K
}
Event: 49.042 GC heap before
{Heap before GC invocations=1465 (full 4):
 PSYoungGen      total 45056K, used 45036K [0x00000000d5580000, 0x00000000d9080000, 0x0000000100000000)
  eden space 43008K, 100% used [0x00000000d5580000,0x00000000d7f80000,0x00000000d7f80000)
  from space 2048K, 99% used [0x00000000d8e80000,0x00000000d907b008,0x00000000d9080000)
  to   space 7168K, 0% used [0x00000000d8280000,0x00000000d8280000,0x00000000d8980000)
 ParOldGen       total 598528K, used 399308K [0x0000000080000000, 0x00000000a4880000, 0x00000000d5580000)
  object space 598528K, 66% used [0x0000000080000000,0x00000000985f3070,0x00000000a4880000)
 Metaspace       used 79216K, committed 80832K, reserved 1179648K
  class space    used 7942K, committed 8704K, reserved 1048576K
}
Event: 49.049 GC heap after
{Heap after GC invocations=1465 (full 4):
 PSYoungGen      total 49152K, used 2328K [0x00000000d5580000, 0x00000000d8f00000, 0x0000000100000000)
  eden space 41984K, 0% used [0x00000000d5580000,0x00000000d5580000,0x00000000d7e80000)
  from space 7168K, 32% used [0x00000000d8280000,0x00000000d84c6008,0x00000000d8980000)
  to   space 4096K, 0% used [0x00000000d8b00000,0x00000000d8b00000,0x00000000d8f00000)
 ParOldGen       total 598528K, used 401042K [0x0000000080000000, 0x00000000a4880000, 0x00000000d5580000)
  object space 598528K, 67% used [0x0000000080000000,0x00000000987a4b78,0x00000000a4880000)
 Metaspace       used 79216K, committed 80832K, reserved 1179648K
  class space    used 7942K, committed 8704K, reserved 1048576K
}
Event: 49.190 GC heap before
{Heap before GC invocations=1466 (full 4):
 PSYoungGen      total 49152K, used 44312K [0x00000000d5580000, 0x00000000d8f00000, 0x0000000100000000)
  eden space 41984K, 100% used [0x00000000d5580000,0x00000000d7e80000,0x00000000d7e80000)
  from space 7168K, 32% used [0x00000000d8280000,0x00000000d84c6008,0x00000000d8980000)
  to   space 4096K, 0% used [0x00000000d8b00000,0x00000000d8b00000,0x00000000d8f00000)
 ParOldGen       total 598528K, used 401042K [0x0000000080000000, 0x00000000a4880000, 0x00000000d5580000)
  object space 598528K, 67% used [0x0000000080000000,0x00000000987a4b78,0x00000000a4880000)
 Metaspace       used 79216K, committed 80832K, reserved 1179648K
  class space    used 7942K, committed 8704K, reserved 1048576K
}
Event: 49.196 GC heap after
{Heap after GC invocations=1466 (full 4):
 PSYoungGen      total 45056K, used 4076K [0x00000000d5580000, 0x00000000d8f00000, 0x0000000100000000)
  eden space 40960K, 0% used [0x00000000d5580000,0x00000000d5580000,0x00000000d7d80000)
  from space 4096K, 99% used [0x00000000d8b00000,0x00000000d8efb008,0x00000000d8f00000)
  to   space 7168K, 0% used [0x00000000d8100000,0x00000000d8100000,0x00000000d8800000)
 ParOldGen       total 598528K, used 403266K [0x0000000080000000, 0x00000000a4880000, 0x00000000d5580000)
  object space 598528K, 67% used [0x0000000080000000,0x00000000989d0b80,0x00000000a4880000)
 Metaspace       used 79216K, committed 80832K, reserved 1179648K
  class space    used 7942K, committed 8704K, reserved 1048576K
}
Event: 49.569 GC heap before
{Heap before GC invocations=1467 (full 4):
 PSYoungGen      total 45056K, used 45036K [0x00000000d5580000, 0x00000000d8f00000, 0x0000000100000000)
  eden space 40960K, 100% used [0x00000000d5580000,0x00000000d7d80000,0x00000000d7d80000)
  from space 4096K, 99% used [0x00000000d8b00000,0x00000000d8efb008,0x00000000d8f00000)
  to   space 7168K, 0% used [0x00000000d8100000,0x00000000d8100000,0x00000000d8800000)
 ParOldGen       total 598528K, used 403266K [0x0000000080000000, 0x00000000a4880000, 0x00000000d5580000)
  object space 598528K, 67% used [0x0000000080000000,0x00000000989d0b80,0x00000000a4880000)
 Metaspace       used 79239K, committed 80896K, reserved 1179648K
  class space    used 7942K, committed 8704K, reserved 1048576K
}
Event: 49.581 GC heap after
{Heap after GC invocations=1467 (full 4):
 PSYoungGen      total 44032K, used 3689K [0x00000000d5580000, 0x00000000d8b80000, 0x0000000100000000)
  eden space 39936K, 0% used [0x00000000d5580000,0x00000000d5580000,0x00000000d7c80000)
  from space 4096K, 90% used [0x00000000d8100000,0x00000000d849a4e0,0x00000000d8500000)
  to   space 5120K, 0% used [0x00000000d8680000,0x00000000d8680000,0x00000000d8b80000)
 ParOldGen       total 598528K, used 406970K [0x0000000080000000, 0x00000000a4880000, 0x00000000d5580000)
  object space 598528K, 67% used [0x0000000080000000,0x0000000098d6eb80,0x00000000a4880000)
 Metaspace       used 79239K, committed 80896K, reserved 1179648K
  class space    used 7942K, committed 8704K, reserved 1048576K
}
Event: 49.988 GC heap before
{Heap before GC invocations=1468 (full 4):
 PSYoungGen      total 44032K, used 43625K [0x00000000d5580000, 0x00000000d8b80000, 0x0000000100000000)
  eden space 39936K, 100% used [0x00000000d5580000,0x00000000d7c80000,0x00000000d7c80000)
  from space 4096K, 90% used [0x00000000d8100000,0x00000000d849a4e0,0x00000000d8500000)
  to   space 5120K, 0% used [0x00000000d8680000,0x00000000d8680000,0x00000000d8b80000)
 ParOldGen       total 598528K, used 406970K [0x0000000080000000, 0x00000000a4880000, 0x00000000d5580000)
  object space 598528K, 67% used [0x0000000080000000,0x0000000098d6eb80,0x00000000a4880000)
 Metaspace       used 79272K, committed 80896K, reserved 1179648K
  class space    used 7943K, committed 8704K, reserved 1048576K
}
Event: 49.997 GC heap after
{Heap after GC invocations=1468 (full 4):
 PSYoungGen      total 44032K, used 5117K [0x00000000d5580000, 0x00000000d8d80000, 0x0000000100000000)
  eden space 38912K, 0% used [0x00000000d5580000,0x00000000d5580000,0x00000000d7b80000)
  from space 5120K, 99% used [0x00000000d8680000,0x00000000d8b7f560,0x00000000d8b80000)
  to   space 9216K, 0% used [0x00000000d7b80000,0x00000000d7b80000,0x00000000d8480000)
 ParOldGen       total 598528K, used 410093K [0x0000000080000000, 0x00000000a4880000, 0x00000000d5580000)
  object space 598528K, 68% used [0x0000000080000000,0x000000009907b798,0x00000000a4880000)
 Metaspace       used 79272K, committed 80896K, reserved 1179648K
  class space    used 7943K, committed 8704K, reserved 1048576K
}
Event: 51.429 GC heap before
{Heap before GC invocations=1469 (full 4):
 PSYoungGen      total 44032K, used 44029K [0x00000000d5580000, 0x00000000d8d80000, 0x0000000100000000)
  eden space 38912K, 100% used [0x00000000d5580000,0x00000000d7b80000,0x00000000d7b80000)
  from space 5120K, 99% used [0x00000000d8680000,0x00000000d8b7f560,0x00000000d8b80000)
  to   space 9216K, 0% used [0x00000000d7b80000,0x00000000d7b80000,0x00000000d8480000)
 ParOldGen       total 598528K, used 410093K [0x0000000080000000, 0x00000000a4880000, 0x00000000d5580000)
  object space 598528K, 68% used [0x0000000080000000,0x000000009907b798,0x00000000a4880000)
 Metaspace       used 79278K, committed 80896K, reserved 1179648K
  class space    used 7943K, committed 8704K, reserved 1048576K
}
Event: 51.448 GC heap after
{Heap after GC invocations=1469 (full 4):
 PSYoungGen      total 47104K, used 9214K [0x00000000d5580000, 0x00000000d9f80000, 0x0000000100000000)
  eden space 37888K, 0% used [0x00000000d5580000,0x00000000d5580000,0x00000000d7a80000)
  from space 9216K, 99% used [0x00000000d7b80000,0x00000000d847fba8,0x00000000d8480000)
  to   space 18944K, 0% used [0x00000000d8d00000,0x00000000d8d00000,0x00000000d9f80000)
 ParOldGen       total 598528K, used 417765K [0x0000000080000000, 0x00000000a4880000, 0x00000000d5580000)
  object space 598528K, 69% used [0x0000000080000000,0x00000000997f9508,0x00000000a4880000)
 Metaspace       used 79278K, committed 80896K, reserved 1179648K
  class space    used 7943K, committed 8704K, reserved 1048576K
}
Event: 51.709 GC heap before
{Heap before GC invocations=1470 (full 4):
 PSYoungGen      total 47104K, used 47102K [0x00000000d5580000, 0x00000000d9f80000, 0x0000000100000000)
  eden space 37888K, 100% used [0x00000000d5580000,0x00000000d7a80000,0x00000000d7a80000)
  from space 9216K, 99% used [0x00000000d7b80000,0x00000000d847fba8,0x00000000d8480000)
  to   space 18944K, 0% used [0x00000000d8d00000,0x00000000d8d00000,0x00000000d9f80000)
 ParOldGen       total 598528K, used 417765K [0x0000000080000000, 0x00000000a4880000, 0x00000000d5580000)
  object space 598528K, 69% used [0x0000000080000000,0x00000000997f9508,0x00000000a4880000)
 Metaspace       used 79436K, committed 81024K, reserved 1179648K
  class space    used 7962K, committed 8704K, reserved 1048576K
}
Event: 51.723 GC heap after
{Heap after GC invocations=1470 (full 4):
 PSYoungGen      total 46080K, used 9040K [0x00000000d5580000, 0x00000000d9600000, 0x0000000100000000)
  eden space 36864K, 0% used [0x00000000d5580000,0x00000000d5580000,0x00000000d7980000)
  from space 9216K, 98% used [0x00000000d8d00000,0x00000000d95d42a0,0x00000000d9600000)
  to   space 12288K, 0% used [0x00000000d7e00000,0x00000000d7e00000,0x00000000d8a00000)
 ParOldGen       total 598528K, used 423434K [0x0000000080000000, 0x00000000a4880000, 0x00000000d5580000)
  object space 598528K, 70% used [0x0000000080000000,0x0000000099d82bf8,0x00000000a4880000)
 Metaspace       used 79436K, committed 81024K, reserved 1179648K
  class space    used 7962K, committed 8704K, reserved 1048576K
}
Event: 52.209 GC heap before
{Heap before GC invocations=1471 (full 4):
 PSYoungGen      total 46080K, used 45904K [0x00000000d5580000, 0x00000000d9600000, 0x0000000100000000)
  eden space 36864K, 100% used [0x00000000d5580000,0x00000000d7980000,0x00000000d7980000)
  from space 9216K, 98% used [0x00000000d8d00000,0x00000000d95d42a0,0x00000000d9600000)
  to   space 12288K, 0% used [0x00000000d7e00000,0x00000000d7e00000,0x00000000d8a00000)
 ParOldGen       total 598528K, used 423434K [0x0000000080000000, 0x00000000a4880000, 0x00000000d5580000)
  object space 598528K, 70% used [0x0000000080000000,0x0000000099d82bf8,0x00000000a4880000)
 Metaspace       used 80495K, committed 82112K, reserved 1179648K
  class space    used 8041K, committed 8832K, reserved 1048576K
}
Event: 52.227 GC heap after
{Heap after GC invocations=1471 (full 4):
 PSYoungGen      total 38400K, used 2208K [0x00000000d5580000, 0x00000000d8d80000, 0x0000000100000000)
  eden space 35840K, 0% used [0x00000000d5580000,0x00000000d5580000,0x00000000d7880000)
  from space 2560K, 86% used [0x00000000d7e00000,0x00000000d8028020,0x00000000d8080000)
  to   space 5632K, 0% used [0x00000000d8800000,0x00000000d8800000,0x00000000d8d80000)
 ParOldGen       total 598528K, used 432227K [0x0000000080000000, 0x00000000a4880000, 0x00000000d5580000)
  object space 598528K, 72% used [0x0000000080000000,0x000000009a618e20,0x00000000a4880000)
 Metaspace       used 80495K, committed 82112K, reserved 1179648K
  class space    used 8041K, committed 8832K, reserved 1048576K
}
Event: 52.646 GC heap before
{Heap before GC invocations=1472 (full 4):
 PSYoungGen      total 38400K, used 38048K [0x00000000d5580000, 0x00000000d8d80000, 0x0000000100000000)
  eden space 35840K, 100% used [0x00000000d5580000,0x00000000d7880000,0x00000000d7880000)
  from space 2560K, 86% used [0x00000000d7e00000,0x00000000d8028020,0x00000000d8080000)
  to   space 5632K, 0% used [0x00000000d8800000,0x00000000d8800000,0x00000000d8d80000)
 ParOldGen       total 598528K, used 432227K [0x0000000080000000, 0x00000000a4880000, 0x00000000d5580000)
  object space 598528K, 72% used [0x0000000080000000,0x000000009a618e20,0x00000000a4880000)
 Metaspace       used 81701K, committed 83328K, reserved 1179648K
  class space    used 8166K, committed 8960K, reserved 1048576K
}
Event: 52.654 GC heap after
{Heap after GC invocations=1472 (full 4):
 PSYoungGen      total 35840K, used 640K [0x00000000d5580000, 0x00000000d8900000, 0x0000000100000000)
  eden space 34816K, 0% used [0x00000000d5580000,0x00000000d5580000,0x00000000d7780000)
  from space 1024K, 62% used [0x00000000d8800000,0x00000000d88a0000,0x00000000d8900000)
  to   space 2048K, 0% used [0x00000000d8500000,0x00000000d8500000,0x00000000d8700000)
 ParOldGen       total 598528K, used 434199K [0x0000000080000000, 0x00000000a4880000, 0x00000000d5580000)
  object space 598528K, 72% used [0x0000000080000000,0x000000009a805f30,0x00000000a4880000)
 Metaspace       used 81701K, committed 83328K, reserved 1179648K
  class space    used 8166K, committed 8960K, reserved 1048576K
}
Event: 127.942 GC heap before
{Heap before GC invocations=1473 (full 4):
 PSYoungGen      total 35840K, used 35440K [0x00000000d5580000, 0x00000000d8900000, 0x0000000100000000)
  eden space 34816K, 99% used [0x00000000d5580000,0x00000000d777c058,0x00000000d7780000)
  from space 1024K, 62% used [0x00000000d8800000,0x00000000d88a0000,0x00000000d8900000)
  to   space 2048K, 0% used [0x00000000d8500000,0x00000000d8500000,0x00000000d8700000)
 ParOldGen       total 598528K, used 434199K [0x0000000080000000, 0x00000000a4880000, 0x00000000d5580000)
  object space 598528K, 72% used [0x0000000080000000,0x000000009a805f30,0x00000000a4880000)
 Metaspace       used 82299K, committed 84032K, reserved 1179648K
  class space    used 8252K, committed 9024K, reserved 1048576K
}
Event: 128.503 GC heap after
{Heap after GC invocations=1473 (full 4):
 PSYoungGen      total 36352K, used 2042K [0x00000000d5580000, 0x00000000d8880000, 0x0000000100000000)
  eden space 34304K, 0% used [0x00000000d5580000,0x00000000d5580000,0x00000000d7700000)
  from space 2048K, 99% used [0x00000000d8500000,0x00000000d86fe920,0x00000000d8700000)
  to   space 1536K, 0% used [0x00000000d8700000,0x00000000d8700000,0x00000000d8880000)
 ParOldGen       total 598528K, used 434944K [0x0000000080000000, 0x00000000a4880000, 0x00000000d5580000)
  object space 598528K, 72% used [0x0000000080000000,0x000000009a8c03b0,0x00000000a4880000)
 Metaspace       used 82299K, committed 84032K, reserved 1179648K
  class space    used 8252K, committed 9024K, reserved 1048576K
}

